Arguments: 
  /home/qchmqs/.nvm/versions/node/v12.15.0/bin/node /usr/bin/yarn init

PATH: 
  /home/qchmqs/.nvm/versions/node/v12.15.0/bin:/home/qchmqs/.rvm/gems/ruby-2.6.5/bin:/home/qchmqs/.rvm/gems/ruby-2.6.5@global/bin:/home/qchmqs/.rvm/rubies/ruby-2.6.5/bin:/home/qchmqs/.symfony/bin:/home/qchmqs/.local/bin:/usr/local/bin:/usr/bin:/bin:/usr/local/sbin:/opt/android-sdk/emulator:/opt/flutter/bin:/usr/lib/jvm/default/bin:/usr/bin/site_perl:/usr/bin/vendor_perl:/usr/bin/core_perl:/var/lib/snapd/snap/bin:/home/qchmqs/.rvm/bin

Yarn version: 
  1.21.1

Node version: 
  12.15.0

Platform: 
  linux x64

Trace: 
  Error: canceled
      at Interface.<anonymous> (/usr/lib/node_modules/yarn/lib/cli.js:136925:13)
      at Interface.emit (events.js:223:5)
      at Interface._ttyWrite (readline.js:885:16)
      at ReadStream.onkeypress (readline.js:191:10)
      at ReadStream.emit (events.js:223:5)
      at emitKeys (internal/readline/utils.js:433:14)
      at emitKeys.next (<anonymous>)
      at ReadStream.onData (readline.js:1151:36)
      at ReadStream.emit (events.js:223:5)
      at addChunk (_stream_readable.js:309:12)

npm manifest: 
  No manifest

yarn manifest: 
  No manifest

Lockfile: 
  No lockfile
